Fri 28 Jun 2024 01:27:22 PM AWST
# X, Y, Z, num_points,  Time(s)
      10      10      10      1000    0.00005400
      20      20      20      8000    0.00034000
      30      30      30     27000    0.00117400
      40      40      40     64000    0.00226600
      50      50      50    125000    0.00400200
      60      60      60    216000    0.00734300
      70      70      70    343000    0.01149400
      80      80      80    512000    0.01750300
      90      90      90    729000    0.02419100
     100     100     100   1000000    0.03362200
     110     110     110   1331000    0.04345000
     120     120     120   1728000    0.05625500
     130     130     130   2197000    0.07081700
     140     140     140   2744000    0.08766700
     150     150     150   3375000    0.10786600
     160     160     160   4096000    0.13501801
     170     170     170   4913000    0.15564200
     180     180     180   5832000    0.18408400
     190     190     190   6859000    0.21652299
     200     200     200   8000000    0.25347099
